Arguments: 
  /Users/dazheng/n/bin/node /Users/dazheng/n/bin/yarn add --dev tsnode

PATH: 
  /Users/dazheng/.gvm/pkgsets/go1.18.4/global/bin:/Users/dazheng/.gvm/gos/go1.18.4/bin:/Users/dazheng/.gvm/pkgsets/go1.18.4/global/overlay/bin:/Users/dazheng/.gvm/bin:/Users/dazheng/.gvm/bin:/Users/dazheng/go/bin:/opt/homebrew/bin:/opt/homebrew/sbin:/usr/local/bin:/System/Cryptexes/App/usr/bin:/usr/bin:/bin:/usr/sbin:/sbin:/Library/Apple/usr/bin:/Users/dazheng/.gvm/pkgsets/go1.18.4/global/bin:/Users/dazheng/.gvm/gos/go1.18.4/bin:/Users/dazheng/.gvm/pkgsets/go1.18.4/global/overlay/bin:/Users/dazheng/.gvm/bin:/Users/dazheng/go/bin:/opt/homebrew/bin:/opt/homebrew/sbin:/Users/dazheng/.cargo/bin:/Users/dazheng/n/bin:/Users/dazheng/Library/Python/3.9/bin:/Users/dazheng/Library/Python/3.9/bin

Yarn version: 
  1.22.18

Node version: 
  16.14.2

Platform: 
  darwin arm64

Trace: 
  Error: https://registry.yarnpkg.com/tsnode: Not found
      at Request.params.callback [as _callback] (/Users/dazheng/n/lib/node_modules/yarn/lib/cli.js:66138:18)
      at Request.self.callback (/Users/dazheng/n/lib/node_modules/yarn/lib/cli.js:140883:22)
      at Request.emit (node:events:526:28)
      at Request.<anonymous> (/Users/dazheng/n/lib/node_modules/yarn/lib/cli.js:141855:10)
      at Request.emit (node:events:526:28)
      at IncomingMessage.<anonymous> (/Users/dazheng/n/lib/node_modules/yarn/lib/cli.js:141777:12)
      at Object.onceWrapper (node:events:645:28)
      at IncomingMessage.emit (node:events:538:35)
      at endReadableNT (node:internal/streams/readable:1345:12)
      at processTicksAndRejections (node:internal/process/task_queues:83:21)

npm manifest: 
  {
    "name": "lifi-poc",
    "version": "1.0.0",
    "main": "index.js",
    "author": "david@stably.io",
    "license": "MIT",
    "devDependencies": {
      "typescript": "^4.9.3"
    }
  }

yarn manifest: 
  No manifest

Lockfile: 
  # THIS IS AN AUTOGENERATED FILE. DO NOT EDIT THIS FILE DIRECTLY.
  # yarn lockfile v1
  
  
  typescript@^4.9.3:
    version "4.9.3"
    resolved "https://registry.yarnpkg.com/typescript/-/typescript-4.9.3.tgz#3aea307c1746b8c384435d8ac36b8a2e580d85db"
    integrity sha512-CIfGzTelbKNEnLpLdGFgdyKhG23CKdKgQPOBc+OUNrkJ2vr+KSzsSV5kq5iWhEQbok+quxgGzrAtGWCyU7tHnA==
